<?xml version="1.0" encoding="UTF-8"?>
<!-- Generated by org.testng.reporters.JUnitReportReporter -->
<testsuite skipped="0" hostname="LAPTOP-SNM2UQ8T" name="google.search" tests="1" failures="0" timestamp="28 Jun 2018 12:40:03 GMT" time="11.203" errors="0">
  <testcase name="search" time="11.203" classname="google.search"/>
</testsuite> <!-- google.search -->
